-------------------------------------------------------------------------------
Test set: com.gft.casadeeventos.CasaDeEventosApplicationTests
-------------------------------------------------------------------------------
Tests run: 1, Failures: 0, Errors: 1, Skipped: 0, Time elapsed: 4.89 s <<< FAILURE! - in com.gft.casadeeventos.CasaDeEventosApplicationTests
contextLoads  Time elapsed: 0.001 s  <<< ERROR!
java.lang.IllegalStateException: Failed to load ApplicationContext
Caused by: org.springframework.beans.factory.UnsatisfiedDependencyException: Error creating bean with name 'requestMappingHandlerAdapter' defined in class path resource [org/springframework/boot/autoconfigure/web/servlet/WebMvcAutoConfiguration$EnableWebMvcConfiguration.class]: Unsatisfied dependency expressed through method 'requestMappingHandlerAdapter' parameter 1; nested exception is org.springframework.beans.factory.BeanCreationException: Error creating bean with name 'mvcConversionService' defined in class path resource [org/springframework/boot/autoconfigure/web/servlet/WebMvcAutoConfiguration$EnableWebMvcConfiguration.class]: Bean instantiation via factory method failed; nested exception is org.springframework.beans.BeanInstantiationException: Failed to instantiate [org.springframework.format.support.FormattingConversionService]: Factory method 'mvcConversionService' threw exception; nested exception is org.springframework.beans.factory.BeanCreationException: Error creating bean with name 'casadeshow': Invocation of init method failed; nested exception is java.lang.IllegalArgumentException: Not a managed type: interface com.gft.casadeeventos.repository.Casadeshow
Caused by: org.springframework.beans.factory.BeanCreationException: Error creating bean with name 'mvcConversionService' defined in class path resource [org/springframework/boot/autoconfigure/web/servlet/WebMvcAutoConfiguration$EnableWebMvcConfiguration.class]: Bean instantiation via factory method failed; nested exception is org.springframework.beans.BeanInstantiationException: Failed to instantiate [org.springframework.format.support.FormattingConversionService]: Factory method 'mvcConversionService' threw exception; nested exception is org.springframework.beans.factory.BeanCreationException: Error creating bean with name 'casadeshow': Invocation of init method failed; nested exception is java.lang.IllegalArgumentException: Not a managed type: interface com.gft.casadeeventos.repository.Casadeshow
Caused by: org.springframework.beans.BeanInstantiationException: Failed to instantiate [org.springframework.format.support.FormattingConversionService]: Factory method 'mvcConversionService' threw exception; nested exception is org.springframework.beans.factory.BeanCreationException: Error creating bean with name 'casadeshow': Invocation of init method failed; nested exception is java.lang.IllegalArgumentException: Not a managed type: interface com.gft.casadeeventos.repository.Casadeshow
Caused by: org.springframework.beans.factory.BeanCreationException: Error creating bean with name 'casadeshow': Invocation of init method failed; nested exception is java.lang.IllegalArgumentException: Not a managed type: interface com.gft.casadeeventos.repository.Casadeshow
Caused by: java.lang.IllegalArgumentException: Not a managed type: interface com.gft.casadeeventos.repository.Casadeshow

